<?xml version="1.0" encoding="UTF-8"?>
<!-- Generated by org.testng.reporters.JUnitReportReporter -->
<testsuite hostname="LAPTOP-NEB2UBL9" failures="0" tests="3" name="com.tests.HomePageTest" time="0.556" errors="0" timestamp="2024-07-10T21:39:45 IST" skipped="0">
  <testcase classname="com.tests.HomePageTest" name="testPageUrl" time="0.002"/>
  <testcase classname="com.tests.HomePageTest" name="testPageTitle" time="0.017"/>
  <testcase classname="com.tests.HomePageTest" name="testSearch" time="0.537"/>
</testsuite> <!-- com.tests.HomePageTest -->
